<?xml version="1.0" encoding="UTF-8"?>
<!-- Generated by org.testng.reporters.JUnitReportReporter -->
<testsuite hostname="IBM625-PC09G4TX" name="jenkins.TestM_J" tests="1" failures="0" timestamp="6 Sep 2016 12:52:33 GMT" time="21.430" errors="0">
  <testcase name="TestMaven" time="21.430" classname="jenkins.TestM_J"/>
</testsuite> <!-- jenkins.TestM_J -->
